<?xml version="1.0" encoding="UTF-8"?>
<!-- Generated by org.testng.reporters.JUnitXMLReporter -->
<testsuite hostname="DESKTOP-SP0RH04" ignored="0" name="Test" tests="3" failures="1" timestamp="10 лют. 2019 21:01:45 GMT" time="66.129" errors="0">
  <testcase name="GET_EmployeeList" time="2.152" classname="RestAssured.GetRequest"/>
  <testcase name="test1" time="2.009" classname="Selenium.Demo"/>
  <testcase name="EribTest" time="48.717" classname="Appium.EriBank">
    <failure type="java.lang.AssertionError" message="expected [Your balance is: 99.00$] but found []">
      <![CDATA[java.lang.AssertionError: expected [Your balance is: 99.00$] but found []
at Appium.EriBank.EribTest(EriBank.java:73)
at java.util.concurrent.ThreadPoolExecutor.runWorker(Unknown Source)
at java.util.concurrent.ThreadPoolExecutor$Worker.run(Unknown Source)
at java.lang.Thread.run(Unknown Source)
... Removed 16 stack frames]]>
    </failure>
  </testcase> <!-- EribTest -->
</testsuite> <!-- Test -->
